[debug] [2021-11-16T01:04:05.926Z] ----------------------------------------------------------------------
[debug] [2021-11-16T01:04:05.928Z] Command:       /Users/jedu/.nvm/versions/node/v14.7.0/bin/node /Users/jedu/.nvm/versions/node/v14.7.0/bin/firebase deploy
[debug] [2021-11-16T01:04:05.928Z] CLI Version:   9.8.0
[debug] [2021-11-16T01:04:05.928Z] Platform:      darwin
[debug] [2021-11-16T01:04:05.928Z] Node Version:  v14.7.0
[debug] [2021-11-16T01:04:05.930Z] Time:          Mon Nov 15 2021 17:04:05 GMT-0800 (Pacific Standard Time)
[debug] [2021-11-16T01:04:05.930Z] ----------------------------------------------------------------------
[debug] 
[debug] [2021-11-16T01:04:05.937Z] > command requires scopes: ["email","openid","https://www.googleapis.com/auth/cloudplatformprojects.readonly","https://www.googleapis.com/auth/firebase","https://www.googleapis.com/auth/cloud-platform"]
[debug] [2021-11-16T01:04:05.937Z] > authorizing via signed-in user
[debug] [2021-11-16T01:04:05.937Z] [iam] checking project mac-calculator-clone for permissions ["firebase.projects.get","firebasehosting.sites.update"]
[debug] [2021-11-16T01:04:05.939Z] > refreshing access token with scopes: ["email","https://www.googleapis.com/auth/cloud-platform","https://www.googleapis.com/auth/cloudplatformprojects.readonly","https://www.googleapis.com/auth/firebase","openid"]
[debug] [2021-11-16T01:04:05.940Z] >>> HTTP REQUEST POST https://www.googleapis.com/oauth2/v3/token  
 <request body omitted>
[debug] [2021-11-16T01:04:06.435Z] <<< HTTP RESPONSE 400 {"pragma":"no-cache","cache-control":"no-cache, no-store, max-age=0, must-revalidate","expires":"Mon, 01 Jan 1990 00:00:00 GMT","date":"Tue, 16 Nov 2021 01:04:06 GMT","content-type":"application/json; charset=utf-8","vary":"X-Origin, Referer, Origin,Accept-Encoding","server":"scaffolding on HTTPServer2","x-xss-protection":"0","x-frame-options":"SAMEORIGIN","x-content-type-options":"nosniff","alt-svc":"h3=\":443\"; ma=2592000,h3-29=\":443\"; ma=2592000,h3-Q050=\":443\"; ma=2592000,h3-Q046=\":443\"; ma=2592000,h3-Q043=\":443\"; ma=2592000,quic=\":443\"; ma=2592000; v=\"46,43\"","accept-ranges":"none","transfer-encoding":"chunked"}
[debug] [2021-11-16T01:04:06.437Z] >>> HTTP REQUEST POST https://cloudresourcemanager.googleapis.com/v1/projects/mac-calculator-clone:testIamPermissions  
 {"permissions":["firebase.projects.get","firebasehosting.sites.update"]}
[debug] [2021-11-16T01:04:06.769Z] <<< HTTP RESPONSE 401 {"www-authenticate":"Bearer realm=\"https://accounts.google.com/\", error=\"invalid_token\"","vary":"X-Origin, Referer, Origin,Accept-Encoding","content-type":"application/json; charset=UTF-8","date":"Tue, 16 Nov 2021 01:04:06 GMT","server":"ESF","cache-control":"private","x-xss-protection":"0","x-frame-options":"SAMEORIGIN","x-content-type-options":"nosniff","server-timing":"gfet4t7; dur=131","alt-svc":"h3=\":443\"; ma=2592000,h3-29=\":443\"; ma=2592000,h3-Q050=\":443\"; ma=2592000,h3-Q046=\":443\"; ma=2592000,h3-Q043=\":443\"; ma=2592000,quic=\":443\"; ma=2592000; v=\"46,43\"","accept-ranges":"none","transfer-encoding":"chunked"}
[debug] [2021-11-16T01:04:06.770Z] <<< HTTP RESPONSE BODY {"error":{"code":401,"message":"Request had invalid authentication credentials. Expected OAuth 2 access token, login cookie or other valid authentication credential. See https://developers.google.com/identity/sign-in/web/devconsole-project.","status":"UNAUTHENTICATED"}}
[debug] [2021-11-16T01:04:06.772Z] [iam] error while checking permissions, command may fail: FirebaseError: HTTP Error: 401, Request had invalid authentication credentials. Expected OAuth 2 access token, login cookie or other valid authentication credential. See https://developers.google.com/identity/sign-in/web/devconsole-project.
[debug] [2021-11-16T01:04:06.774Z] > refreshing access token with scopes: []
[debug] [2021-11-16T01:04:06.774Z] >>> HTTP REQUEST POST https://www.googleapis.com/oauth2/v3/token  
 <request body omitted>
[debug] [2021-11-16T01:04:07.035Z] <<< HTTP RESPONSE 400 {"pragma":"no-cache","cache-control":"no-cache, no-store, max-age=0, must-revalidate","expires":"Mon, 01 Jan 1990 00:00:00 GMT","date":"Tue, 16 Nov 2021 01:04:07 GMT","content-type":"application/json; charset=utf-8","vary":"X-Origin, Referer, Origin,Accept-Encoding","server":"scaffolding on HTTPServer2","x-xss-protection":"0","x-frame-options":"SAMEORIGIN","x-content-type-options":"nosniff","alt-svc":"h3=\":443\"; ma=2592000,h3-29=\":443\"; ma=2592000,h3-Q050=\":443\"; ma=2592000,h3-Q046=\":443\"; ma=2592000,h3-Q043=\":443\"; ma=2592000,quic=\":443\"; ma=2592000; v=\"46,43\"","accept-ranges":"none","transfer-encoding":"chunked"}
[debug] [2021-11-16T01:04:07.037Z] >>> [apiv2][query] GET https://firebase.googleapis.com/v1beta1/projects/mac-calculator-clone [none]
[debug] [2021-11-16T01:04:07.394Z] <<< [apiv2][status] GET https://firebase.googleapis.com/v1beta1/projects/mac-calculator-clone 401
[debug] [2021-11-16T01:04:07.394Z] <<< [apiv2][body] GET https://firebase.googleapis.com/v1beta1/projects/mac-calculator-clone {"error":{"code":401,"message":"Request had invalid authentication credentials. Expected OAuth 2 access token, login cookie or other valid authentication credential. See https://developers.google.com/identity/sign-in/web/devconsole-project.","status":"UNAUTHENTICATED"}}
[debug] [2021-11-16T01:04:07.395Z] HTTP Error: 401, Request had invalid authentication credentials. Expected OAuth 2 access token, login cookie or other valid authentication credential. See https://developers.google.com/identity/sign-in/web/devconsole-project.
[debug] [2021-11-16T01:04:07.396Z] FirebaseError: HTTP Error: 401, Request had invalid authentication credentials. Expected OAuth 2 access token, login cookie or other valid authentication credential. See https://developers.google.com/identity/sign-in/web/devconsole-project.
    at module.exports (/Users/jedu/.nvm/versions/node/v14.7.0/lib/node_modules/firebase-tools/lib/responseToError.js:38:12)
    at Client.doRequest (/Users/jedu/.nvm/versions/node/v14.7.0/lib/node_modules/firebase-tools/lib/apiv2.js:238:23)
    at processTicksAndRejections (internal/process/task_queues.js:93:5)
    at async Client.request (/Users/jedu/.nvm/versions/node/v14.7.0/lib/node_modules/firebase-tools/lib/apiv2.js:96:20)
    at async Object.getFirebaseProject (/Users/jedu/.nvm/versions/node/v14.7.0/lib/node_modules/firebase-tools/lib/management/projects.js:289:21)
    at async Object.getDefaultHostingSite (/Users/jedu/.nvm/versions/node/v14.7.0/lib/node_modules/firebase-tools/lib/getDefaultHostingSite.js:8:21)
    at async requireHostingSite (/Users/jedu/.nvm/versions/node/v14.7.0/lib/node_modules/firebase-tools/lib/requireHostingSite.js:9:18)
    at async Object.fn (/Users/jedu/.nvm/versions/node/v14.7.0/lib/node_modules/firebase-tools/lib/commands/deploy.js:66:9)
    at async /Users/jedu/.nvm/versions/node/v14.7.0/lib/node_modules/firebase-tools/lib/command.js:161:17
[error] 
[error] Error: Failed to get Firebase project mac-calculator-clone. Please make sure the project exists and your account has permission to access it.
